# JRE version: OpenJDK Runtime Environment (23.0.2+7) (build 23.0.2+7-58)
# Java VM: OpenJDK 64-Bit Server VM (23.0.2+7-58, mixed mode, sharing, tiered, compressed oops, compressed class ptrs, g1 gc, windows-amd64)
GC Precious Log:
 CardTable entry size: 512
 Card Set container configuration: InlinePtr #cards 5 size 8 Array Of Cards #cards 10 size 36 Howl #buckets 4 coarsen threshold 1843 Howl Bitmap #cards 512 size 80 coarsen threshold 460 Card regions per heap region 1 cards per card region 2048
 CPUs: 4 total, 4 available
 Memory: 8047M
 Large Page Support: Disabled
 NUMA Support: Disabled
 Compressed Oops: Enabled (32-bit)
 Heap Region Size: 1M
 Heap Min Capacity: 8M
 Heap Initial Capacity: 126M
 Heap Max Capacity: 2012M
 Pre-touch: Disabled
 Parallel Workers: 4
 Concurrent Workers: 1
 Concurrent Refinement Workers: 4
 Periodic GC: Disabled
Heap:
 garbage-first heap   total reserved 2060288K, committed 54272K, used 34117K [0x0000000082400000, 0x0000000100000000)
  region size 1024K, 1 young (1024K), 1 survivors (1024K)
 Metaspace       used 80555K, committed 81344K, reserved 1179648K
  class space    used 11185K, committed 11520K, reserved 1048576K
GC Heap History (20 events):
Event: 7.149 GC heap after
{Heap after GC invocations=12 (full 0):
 garbage-first heap   total reserved 2060288K, committed 54272K, used 21245K [0x0000000082400000, 0x0000000100000000)
  region size 1024K, 3 young (3072K), 3 survivors (3072K)
 Metaspace       used 40527K, committed 41088K, reserved 1114112K
  class space    used 5244K, committed 5504K, reserved 1048576K
}
Event: 8.004 GC heap before
{Heap before GC invocations=12 (full 0):
 garbage-first heap   total reserved 2060288K, committed 54272K, used 44797K [0x0000000082400000, 0x0000000100000000)
  region size 1024K, 27 young (27648K), 3 survivors (3072K)
 Metaspace       used 47319K, committed 47872K, reserved 1114112K
  class space    used 6019K, committed 6272K, reserved 1048576K
}
Event: 8.012 GC heap after
{Heap after GC invocations=13 (full 0):
 garbage-first heap   total reserved 2060288K, committed 54272K, used 23411K [0x0000000082400000, 0x0000000100000000)
  region size 1024K, 3 young (3072K), 3 survivors (3072K)
 Metaspace       used 47319K, committed 47872K, reserved 1114112K
  class space    used 6019K, committed 6272K, reserved 1048576K
}
Event: 8.840 GC heap before
{Heap before GC invocations=13 (full 0):
 garbage-first heap   total reserved 2060288K, committed 54272K, used 45939K [0x0000000082400000, 0x0000000100000000)
  region size 1024K, 25 young (25600K), 3 survivors (3072K)
 Metaspace       used 53135K, committed 53760K, reserved 1114112K
  class space    used 7048K, committed 7296K, reserved 1048576K
}
Event: 8.847 GC heap after
{Heap after GC invocations=14 (full 0):
 garbage-first heap   total reserved 2060288K, committed 54272K, used 25069K [0x0000000082400000, 0x0000000100000000)
  region size 1024K, 2 young (2048K), 2 survivors (2048K)
 Metaspace       used 53135K, committed 53760K, reserved 1114112K
  class space    used 7048K, committed 7296K, reserved 1048576K
}
Event: 9.582 GC heap before
{Heap before GC invocations=14 (full 0):
 garbage-first heap   total reserved 2060288K, committed 54272K, used 46573K [0x0000000082400000, 0x0000000100000000)
  region size 1024K, 24 young (24576K), 2 survivors (2048K)
 Metaspace       used 58754K, committed 59328K, reserved 1114112K
  class space    used 7922K, committed 8128K, reserved 1048576K
}
Event: 9.586 GC heap after
{Heap after GC invocations=15 (full 0):
 garbage-first heap   total reserved 2060288K, committed 54272K, used 26174K [0x0000000082400000, 0x0000000100000000)
  region size 1024K, 3 young (3072K), 3 survivors (3072K)
 Metaspace       used 58754K, committed 59328K, reserved 1114112K
  class space    used 7922K, committed 8128K, reserved 1048576K
}
Event: 9.679 GC heap before
{Heap before GC invocations=15 (full 0):
 garbage-first heap   total reserved 2060288K, committed 54272K, used 28222K [0x0000000082400000, 0x0000000100000000)
  region size 1024K, 6 young (6144K), 3 survivors (3072K)
 Metaspace       used 59507K, committed 60096K, reserved 1114112K
  class space    used 8019K, committed 8256K, reserved 1048576K
}
Event: 9.683 GC heap after
{Heap after GC invocations=16 (full 0):
 garbage-first heap   total reserved 2060288K, committed 54272K, used 26300K [0x0000000082400000, 0x0000000100000000)
  region size 1024K, 2 young (2048K), 2 survivors (2048K)
 Metaspace       used 59507K, committed 60096K, reserved 1114112K
  class space    used 8019K, committed 8256K, reserved 1048576K
}
Event: 10.199 GC heap before
{Heap before GC invocations=17 (full 0):
 garbage-first heap   total reserved 2060288K, committed 54272K, used 45756K [0x0000000082400000, 0x0000000100000000)
  region size 1024K, 22 young (22528K), 2 survivors (2048K)
 Metaspace       used 65486K, committed 66240K, reserved 1114112K
  class space    used 8950K, committed 9280K, reserved 1048576K
}
Event: 10.203 GC heap after
{Heap after GC invocations=18 (full 0):
 garbage-first heap   total reserved 2060288K, committed 54272K, used 27244K [0x0000000082400000, 0x0000000100000000)
  region size 1024K, 3 young (3072K), 3 survivors (3072K)
 Metaspace       used 65486K, committed 66240K, reserved 1114112K
  class space    used 8950K, committed 9280K, reserved 1048576K
}
Event: 10.665 GC heap before
{Heap before GC invocations=18 (full 0):
 garbage-first heap   total reserved 2060288K, committed 54272K, used 44652K [0x0000000082400000, 0x0000000100000000)
  region size 1024K, 21 young (21504K), 3 survivors (3072K)
 Metaspace       used 70106K, committed 70784K, reserved 1114112K
  class space    used 9726K, committed 10048K, reserved 1048576K
}
Event: 10.671 GC heap after
{Heap after GC invocations=19 (full 0):
 garbage-first heap   total reserved 2060288K, committed 54272K, used 27676K [0x0000000082400000, 0x0000000100000000)
  region size 1024K, 2 young (2048K), 2 survivors (2048K)
 Metaspace       used 70106K, committed 70784K, reserved 1114112K
  class space    used 9726K, committed 10048K, reserved 1048576K
}
Event: 11.195 GC heap before
{Heap before GC invocations=19 (full 0):
 garbage-first heap   total reserved 2060288K, committed 54272K, used 47132K [0x0000000082400000, 0x0000000100000000)
  region size 1024K, 21 young (21504K), 2 survivors (2048K)
 Metaspace       used 73628K, committed 74368K, reserved 1114112K
  class space    used 10201K, committed 10560K, reserved 1048576K
}
Event: 11.201 GC heap after
{Heap after GC invocations=20 (full 0):
 garbage-first heap   total reserved 2060288K, committed 54272K, used 29876K [0x0000000082400000, 0x0000000100000000)
  region size 1024K, 3 young (3072K), 3 survivors (3072K)
 Metaspace       used 73628K, committed 74368K, reserved 1114112K
  class space    used 10201K, committed 10560K, reserved 1048576K
}
Event: 11.817 GC heap before
{Heap before GC invocations=21 (full 0):
 garbage-first heap   total reserved 2060288K, committed 54272K, used 46260K [0x0000000082400000, 0x0000000100000000)
  region size 1024K, 19 young (19456K), 3 survivors (3072K)
 Metaspace       used 75986K, committed 76800K, reserved 1179648K
  class space    used 10563K, committed 10944K, reserved 1048576K
}
Event: 11.825 GC heap after
{Heap after GC invocations=22 (full 0):
 garbage-first heap   total reserved 2060288K, committed 54272K, used 31433K [0x0000000082400000, 0x0000000100000000)
  region size 1024K, 2 young (2048K), 2 survivors (2048K)
 Metaspace       used 75986K, committed 76800K, reserved 1179648K
  class space    used 10563K, committed 10944K, reserved 1048576K
}
Event: 12.418 GC heap before
{Heap before GC invocations=22 (full 0):
 garbage-first heap   total reserved 2060288K, committed 54272K, used 47817K [0x0000000082400000, 0x0000000100000000)
  region size 1024K, 18 young (18432K), 2 survivors (2048K)
 Metaspace       used 78993K, committed 79872K, reserved 1179648K
  class space    used 11002K, committed 11392K, reserved 1048576K
}
Event: 12.428 GC heap after
{Heap after GC invocations=23 (full 0):
 garbage-first heap   total reserved 2060288K, committed 54272K, used 33301K [0x0000000082400000, 0x0000000100000000)
  region size 1024K, 2 young (2048K), 2 survivors (2048K)
 Metaspace       used 78993K, committed 79872K, reserved 1179648K
  class space    used 11002K, committed 11392K, reserved 1048576K
}
Event: 395.461 GC heap before
{Heap before GC invocations=23 (full 0):
 garbage-first heap   total reserved 2060288K, committed 54272K, used 47637K [0x0000000082400000, 0x0000000100000000)
  region size 1024K, 16 young (16384K), 2 survivors (2048K)
 Metaspace       used 80555K, committed 81344K, reserved 1179648K
  class space    used 11185K, committed 11520K, reserved 1048576K
}

