# JRE version: OpenJDK Runtime Environment (23.0.2+7) (build 23.0.2+7-58)
# Java VM: OpenJDK 64-Bit Server VM (23.0.2+7-58, mixed mode, sharing, tiered, compressed oops, compressed class ptrs, g1 gc, windows-amd64)
GC Precious Log:
 CardTable entry size: 512
 Card Set container configuration: InlinePtr #cards 5 size 8 Array Of Cards #cards 10 size 36 Howl #buckets 4 coarsen threshold 1843 Howl Bitmap #cards 512 size 80 coarsen threshold 460 Card regions per heap region 1 cards per card region 2048
 CPUs: 4 total, 4 available
 Memory: 8047M
 Large Page Support: Disabled
 NUMA Support: Disabled
 Compressed Oops: Enabled (32-bit)
 Heap Region Size: 1M
 Heap Min Capacity: 8M
 Heap Initial Capacity: 126M
 Heap Max Capacity: 2012M
 Pre-touch: Disabled
 Parallel Workers: 4
 Concurrent Workers: 1
 Concurrent Refinement Workers: 4
 Periodic GC: Disabled
Heap:
 garbage-first heap   total reserved 2060288K, committed 58368K, used 41022K [0x0000000082400000, 0x0000000100000000)
  region size 1024K, 12 young (12288K), 3 survivors (3072K)
 Metaspace       used 79475K, committed 80320K, reserved 1179648K
  class space    used 11078K, committed 11456K, reserved 1048576K
GC Heap History (20 events):
Event: 7.188 GC heap before
{Heap before GC invocations=10 (full 0):
 garbage-first heap   total reserved 2060288K, committed 48128K, used 38064K [0x0000000082400000, 0x0000000100000000)
  region size 1024K, 22 young (22528K), 3 survivors (3072K)
 Metaspace       used 38813K, committed 39360K, reserved 1114112K
  class space    used 5050K, committed 5312K, reserved 1048576K
}
Event: 7.196 GC heap after
{Heap after GC invocations=11 (full 0):
 garbage-first heap   total reserved 2060288K, committed 48128K, used 21321K [0x0000000082400000, 0x0000000100000000)
  region size 1024K, 2 young (2048K), 2 survivors (2048K)
 Metaspace       used 38813K, committed 39360K, reserved 1114112K
  class space    used 5050K, committed 5312K, reserved 1048576K
}
Event: 7.842 GC heap before
{Heap before GC invocations=11 (full 0):
 garbage-first heap   total reserved 2060288K, committed 48128K, used 39753K [0x0000000082400000, 0x0000000100000000)
  region size 1024K, 20 young (20480K), 2 survivors (2048K)
 Metaspace       used 44136K, committed 44672K, reserved 1114112K
  class space    used 5664K, committed 5888K, reserved 1048576K
}
Event: 7.848 GC heap after
{Heap after GC invocations=12 (full 0):
 garbage-first heap   total reserved 2060288K, committed 48128K, used 23123K [0x0000000082400000, 0x0000000100000000)
  region size 1024K, 2 young (2048K), 2 survivors (2048K)
 Metaspace       used 44136K, committed 44672K, reserved 1114112K
  class space    used 5664K, committed 5888K, reserved 1048576K
}
Event: 8.582 GC heap before
{Heap before GC invocations=12 (full 0):
 garbage-first heap   total reserved 2060288K, committed 48128K, used 40531K [0x0000000082400000, 0x0000000100000000)
  region size 1024K, 20 young (20480K), 2 survivors (2048K)
 Metaspace       used 49265K, committed 49856K, reserved 1114112K
  class space    used 6434K, committed 6656K, reserved 1048576K
}
Event: 8.588 GC heap after
{Heap after GC invocations=13 (full 0):
 garbage-first heap   total reserved 2060288K, committed 48128K, used 24417K [0x0000000082400000, 0x0000000100000000)
  region size 1024K, 2 young (2048K), 2 survivors (2048K)
 Metaspace       used 49265K, committed 49856K, reserved 1114112K
  class space    used 6434K, committed 6656K, reserved 1048576K
}
Event: 9.158 GC heap before
{Heap before GC invocations=13 (full 0):
 garbage-first heap   total reserved 2060288K, committed 48128K, used 40801K [0x0000000082400000, 0x0000000100000000)
  region size 1024K, 19 young (19456K), 2 survivors (2048K)
 Metaspace       used 52948K, committed 53568K, reserved 1114112K
  class space    used 7160K, committed 7424K, reserved 1048576K
}
Event: 9.162 GC heap after
{Heap after GC invocations=14 (full 0):
 garbage-first heap   total reserved 2060288K, committed 48128K, used 25402K [0x0000000082400000, 0x0000000100000000)
  region size 1024K, 3 young (3072K), 3 survivors (3072K)
 Metaspace       used 52948K, committed 53568K, reserved 1114112K
  class space    used 7160K, committed 7424K, reserved 1048576K
}
Event: 9.721 GC heap before
{Heap before GC invocations=15 (full 0):
 garbage-first heap   total reserved 2060288K, committed 48128K, used 39738K [0x0000000082400000, 0x0000000100000000)
  region size 1024K, 18 young (18432K), 3 survivors (3072K)
 Metaspace       used 56877K, committed 57536K, reserved 1114112K
  class space    used 7734K, committed 8000K, reserved 1048576K
}
Event: 9.726 GC heap after
{Heap after GC invocations=16 (full 0):
 garbage-first heap   total reserved 2060288K, committed 48128K, used 26366K [0x0000000082400000, 0x0000000100000000)
  region size 1024K, 2 young (2048K), 2 survivors (2048K)
 Metaspace       used 56877K, committed 57536K, reserved 1114112K
  class space    used 7734K, committed 8000K, reserved 1048576K
}
Event: 10.151 GC heap before
{Heap before GC invocations=16 (full 0):
 garbage-first heap   total reserved 2060288K, committed 48128K, used 41726K [0x0000000082400000, 0x0000000100000000)
  region size 1024K, 18 young (18432K), 2 survivors (2048K)
 Metaspace       used 60747K, committed 61312K, reserved 1114112K
  class space    used 8274K, committed 8512K, reserved 1048576K
}
Event: 10.158 GC heap after
{Heap after GC invocations=17 (full 0):
 garbage-first heap   total reserved 2060288K, committed 48128K, used 26721K [0x0000000082400000, 0x0000000100000000)
  region size 1024K, 2 young (2048K), 2 survivors (2048K)
 Metaspace       used 60747K, committed 61312K, reserved 1114112K
  class space    used 8274K, committed 8512K, reserved 1048576K
}
Event: 10.565 GC heap before
{Heap before GC invocations=17 (full 0):
 garbage-first heap   total reserved 2060288K, committed 48128K, used 41057K [0x0000000082400000, 0x0000000100000000)
  region size 1024K, 17 young (17408K), 2 survivors (2048K)
 Metaspace       used 65638K, committed 66240K, reserved 1114112K
  class space    used 9096K, committed 9344K, reserved 1048576K
}
Event: 10.569 GC heap after
{Heap after GC invocations=18 (full 0):
 garbage-first heap   total reserved 2060288K, committed 58368K, used 27327K [0x0000000082400000, 0x0000000100000000)
  region size 1024K, 3 young (3072K), 3 survivors (3072K)
 Metaspace       used 65638K, committed 66240K, reserved 1114112K
  class space    used 9096K, committed 9344K, reserved 1048576K
}
Event: 11.159 GC heap before
{Heap before GC invocations=19 (full 0):
 garbage-first heap   total reserved 2060288K, committed 58368K, used 48831K [0x0000000082400000, 0x0000000100000000)
  region size 1024K, 25 young (25600K), 3 survivors (3072K)
 Metaspace       used 70602K, committed 71232K, reserved 1114112K
  class space    used 9854K, committed 10112K, reserved 1048576K
}
Event: 11.165 GC heap after
{Heap after GC invocations=20 (full 0):
 garbage-first heap   total reserved 2060288K, committed 58368K, used 28414K [0x0000000082400000, 0x0000000100000000)
  region size 1024K, 3 young (3072K), 3 survivors (3072K)
 Metaspace       used 70602K, committed 71232K, reserved 1114112K
  class space    used 9854K, committed 10112K, reserved 1048576K
}
Event: 11.958 GC heap before
{Heap before GC invocations=20 (full 0):
 garbage-first heap   total reserved 2060288K, committed 58368K, used 48894K [0x0000000082400000, 0x0000000100000000)
  region size 1024K, 24 young (24576K), 3 survivors (3072K)
 Metaspace       used 74828K, committed 75520K, reserved 1114112K
  class space    used 10405K, committed 10688K, reserved 1048576K
}
Event: 11.967 GC heap after
{Heap after GC invocations=21 (full 0):
 garbage-first heap   total reserved 2060288K, committed 58368K, used 30161K [0x0000000082400000, 0x0000000100000000)
  region size 1024K, 3 young (3072K), 3 survivors (3072K)
 Metaspace       used 74828K, committed 75520K, reserved 1114112K
  class space    used 10405K, committed 10688K, reserved 1048576K
}
Event: 12.665 GC heap before
{Heap before GC invocations=21 (full 0):
 garbage-first heap   total reserved 2060288K, committed 58368K, used 50641K [0x0000000082400000, 0x0000000100000000)
  region size 1024K, 23 young (23552K), 3 survivors (3072K)
 Metaspace       used 78416K, committed 79168K, reserved 1179648K
  class space    used 10902K, committed 11200K, reserved 1048576K
}
Event: 12.675 GC heap after
{Heap after GC invocations=22 (full 0):
 garbage-first heap   total reserved 2060288K, committed 58368K, used 32830K [0x0000000082400000, 0x0000000100000000)
  region size 1024K, 3 young (3072K), 3 survivors (3072K)
 Metaspace       used 78416K, committed 79168K, reserved 1179648K
  class space    used 10902K, committed 11200K, reserved 1048576K
}

